  tga.cpp
x:\python\documents\github\p3d\p3d_bilhar\p3d_bilhar\tga.cpp(128): warning C4996: 'fopen': This function or variable may be unsafe. Consider using fopen_s instead. To disable deprecation, use _CRT_SECURE_NO_WARNINGS. See online help for details.
  c:\program files (x86)\windows kits\10\include\10.0.10240.0\ucrt\stdio.h(205): note: see declaration of 'fopen'
x:\python\documents\github\p3d\p3d_bilhar\p3d_bilhar\tga.cpp(251): warning C4996: 'fopen': This function or variable may be unsafe. Consider using fopen_s instead. To disable deprecation, use _CRT_SECURE_NO_WARNINGS. See online help for details.
  c:\program files (x86)\windows kits\10\include\10.0.10240.0\ucrt\stdio.h(205): note: see declaration of 'fopen'
x:\python\documents\github\p3d\p3d_bilhar\p3d_bilhar\tga.cpp(311): warning C4996: 'sprintf': This function or variable may be unsafe. Consider using sprintf_s instead. To disable deprecation, use _CRT_SECURE_NO_WARNINGS. See online help for details.
  c:\program files (x86)\windows kits\10\include\10.0.10240.0\ucrt\stdio.h(1769): note: see declaration of 'sprintf'
  Pooltable.cpp
  Poolcue.cpp
  MainWindow.cpp
x:\python\documents\github\p3d\p3d_bilhar\p3d_bilhar\mainwindow.cpp(22): warning C4305: '=': truncation from 'double' to 'GLfloat'
x:\python\documents\github\p3d\p3d_bilhar\p3d_bilhar\mainwindow.cpp(23): warning C4305: '=': truncation from 'double' to 'GLfloat'
x:\python\documents\github\p3d\p3d_bilhar\p3d_bilhar\mainwindow.cpp(24): warning C4305: '=': truncation from 'double' to 'GLfloat'
x:\python\documents\github\p3d\p3d_bilhar\p3d_bilhar\mainwindow.cpp(53): warning C4305: '=': truncation from 'double' to 'GLfloat'
x:\python\documents\github\p3d\p3d_bilhar\p3d_bilhar\mainwindow.cpp(54): warning C4305: '=': truncation from 'double' to 'GLfloat'
x:\python\documents\github\p3d\p3d_bilhar\p3d_bilhar\mainwindow.cpp(55): warning C4305: '=': truncation from 'double' to 'GLfloat'
x:\python\documents\github\p3d\p3d_bilhar\p3d_bilhar\mainwindow.cpp(58): warning C4305: '=': truncation from 'double' to 'GLfloat'
x:\python\documents\github\p3d\p3d_bilhar\p3d_bilhar\mainwindow.cpp(59): warning C4305: '=': truncation from 'double' to 'GLfloat'
x:\python\documents\github\p3d\p3d_bilhar\p3d_bilhar\mainwindow.cpp(60): warning C4305: '=': truncation from 'double' to 'GLfloat'
  main.cpp
x:\python\documents\github\p3d\p3d_bilhar\p3d_bilhar\game1.h(174): warning C4305: 'initializing': truncation from 'double' to 'float'
x:\python\documents\github\p3d\p3d_bilhar\p3d_bilhar\game1.h(302): error C2059: syntax error: '<<'
x:\python\documents\github\p3d\p3d_bilhar\p3d_bilhar\game1.h(308): error C2059: syntax error: '=='
  glm.cpp
x:\python\documents\github\p3d\p3d_bilhar\p3d_bilhar\glm.cpp(174): warning C4996: 'strdup': The POSIX name for this item is deprecated. Instead, use the ISO C and C++ conformant name: _strdup. See online help for details.
  c:\program files (x86)\windows kits\10\include\10.0.10240.0\ucrt\string.h(552): note: see declaration of 'strdup'
x:\python\documents\github\p3d\p3d_bilhar\p3d_bilhar\glm.cpp(221): warning C4996: 'strdup': The POSIX name for this item is deprecated. Instead, use the ISO C and C++ conformant name: _strdup. See online help for details.
  c:\program files (x86)\windows kits\10\include\10.0.10240.0\ucrt\string.h(552): note: see declaration of 'strdup'
x:\python\documents\github\p3d\p3d_bilhar\p3d_bilhar\glm.cpp(290): warning C4305: '=': truncation from 'double' to 'GLfloat'
x:\python\documents\github\p3d\p3d_bilhar\p3d_bilhar\glm.cpp(291): warning C4305: '=': truncation from 'double' to 'GLfloat'
x:\python\documents\github\p3d\p3d_bilhar\p3d_bilhar\glm.cpp(292): warning C4305: '=': truncation from 'double' to 'GLfloat'
x:\python\documents\github\p3d\p3d_bilhar\p3d_bilhar\glm.cpp(294): warning C4305: '=': truncation from 'double' to 'GLfloat'
x:\python\documents\github\p3d\p3d_bilhar\p3d_bilhar\glm.cpp(295): warning C4305: '=': truncation from 'double' to 'GLfloat'
x:\python\documents\github\p3d\p3d_bilhar\p3d_bilhar\glm.cpp(296): warning C4305: '=': truncation from 'double' to 'GLfloat'
x:\python\documents\github\p3d\p3d_bilhar\p3d_bilhar\glm.cpp(249): warning C4996: 'strcpy': This function or variable may be unsafe. Consider using strcpy_s instead. To disable deprecation, use _CRT_SECURE_NO_WARNINGS. See online help for details.
  c:\program files (x86)\windows kits\10\include\10.0.10240.0\ucrt\string.h(119): note: see declaration of 'strcpy'
x:\python\documents\github\p3d\p3d_bilhar\p3d_bilhar\glm.cpp(250): warning C4996: 'strcat': This function or variable may be unsafe. Consider using strcat_s instead. To disable deprecation, use _CRT_SECURE_NO_WARNINGS. See online help for details.
  c:\program files (x86)\windows kits\10\include\10.0.10240.0\ucrt\string.h(90): note: see declaration of 'strcat'
x:\python\documents\github\p3d\p3d_bilhar\p3d_bilhar\glm.cpp(253): warning C4996: 'fopen': This function or variable may be unsafe. Consider using fopen_s instead. To disable deprecation, use _CRT_SECURE_NO_WARNINGS. See online help for details.
  c:\program files (x86)\windows kits\10\include\10.0.10240.0\ucrt\stdio.h(205): note: see declaration of 'fopen'
x:\python\documents\github\p3d\p3d_bilhar\p3d_bilhar\glm.cpp(263): warning C4996: 'fscanf': This function or variable may be unsafe. Consider using fscanf_s instead. To disable deprecation, use _CRT_SECURE_NO_WARNINGS. See online help for details.
  c:\program files (x86)\windows kits\10\include\10.0.10240.0\ucrt\stdio.h(1193): note: see declaration of 'fscanf'
x:\python\documents\github\p3d\p3d_bilhar\p3d_bilhar\glm.cpp(272): warning C4996: 'sscanf': This function or variable may be unsafe. Consider using sscanf_s instead. To disable deprecation, use _CRT_SECURE_NO_WARNINGS. See online help for details.
  c:\program files (x86)\windows kits\10\include\10.0.10240.0\ucrt\stdio.h(2254): note: see declaration of 'sscanf'
x:\python\documents\github\p3d\p3d_bilhar\p3d_bilhar\glm.cpp(303): warning C4996: 'strdup': The POSIX name for this item is deprecated. Instead, use the ISO C and C++ conformant name: _strdup. See online help for details.
  c:\program files (x86)\windows kits\10\include\10.0.10240.0\ucrt\string.h(552): note: see declaration of 'strdup'
x:\python\documents\github\p3d\p3d_bilhar\p3d_bilhar\glm.cpp(307): warning C4996: 'fscanf': This function or variable may be unsafe. Consider using fscanf_s instead. To disable deprecation, use _CRT_SECURE_NO_WARNINGS. See online help for details.
  c:\program files (x86)\windows kits\10\include\10.0.10240.0\ucrt\stdio.h(1193): note: see declaration of 'fscanf'
x:\python\documents\github\p3d\p3d_bilhar\p3d_bilhar\glm.cpp(315): warning C4996: 'sscanf': This function or variable may be unsafe. Consider using sscanf_s instead. To disable deprecation, use _CRT_SECURE_NO_WARNINGS. See online help for details.
  c:\program files (x86)\windows kits\10\include\10.0.10240.0\ucrt\stdio.h(2254): note: see declaration of 'sscanf'
x:\python\documents\github\p3d\p3d_bilhar\p3d_bilhar\glm.cpp(317): warning C4996: 'strdup': The POSIX name for this item is deprecated. Instead, use the ISO C and C++ conformant name: _strdup. See online help for details.
  c:\program files (x86)\windows kits\10\include\10.0.10240.0\ucrt\string.h(552): note: see declaration of 'strdup'
x:\python\documents\github\p3d\p3d_bilhar\p3d_bilhar\glm.cpp(320): warning C4996: 'fscanf': This function or variable may be unsafe. Consider using fscanf_s instead. To disable deprecation, use _CRT_SECURE_NO_WARNINGS. See online help for details.
  c:\program files (x86)\windows kits\10\include\10.0.10240.0\ucrt\stdio.h(1193): note: see declaration of 'fscanf'
x:\python\documents\github\p3d\p3d_bilhar\p3d_bilhar\glm.cpp(328): warning C4996: 'fscanf': This function or variable may be unsafe. Consider using fscanf_s instead. To disable deprecation, use _CRT_SECURE_NO_WARNINGS. See online help for details.
  c:\program files (x86)\windows kits\10\include\10.0.10240.0\ucrt\stdio.h(1193): note: see declaration of 'fscanf'
x:\python\documents\github\p3d\p3d_bilhar\p3d_bilhar\glm.cpp(334): warning C4996: 'fscanf': This function or variable may be unsafe. Consider using fscanf_s instead. To disable deprecation, use _CRT_SECURE_NO_WARNINGS. See online help for details.
  c:\program files (x86)\windows kits\10\include\10.0.10240.0\ucrt\stdio.h(1193): note: see declaration of 'fscanf'
x:\python\documents\github\p3d\p3d_bilhar\p3d_bilhar\glm.cpp(340): warning C4996: 'fscanf': This function or variable may be unsafe. Consider using fscanf_s instead. To disable deprecation, use _CRT_SECURE_NO_WARNINGS. See online help for details.
  c:\program files (x86)\windows kits\10\include\10.0.10240.0\ucrt\stdio.h(1193): note: see declaration of 'fscanf'
x:\python\documents\github\p3d\p3d_bilhar\p3d_bilhar\glm.cpp(376): warning C4996: 'strcpy': This function or variable may be unsafe. Consider using strcpy_s instead. To disable deprecation, use _CRT_SECURE_NO_WARNINGS. See online help for details.
  c:\program files (x86)\windows kits\10\include\10.0.10240.0\ucrt\string.h(119): note: see declaration of 'strcpy'
x:\python\documents\github\p3d\p3d_bilhar\p3d_bilhar\glm.cpp(377): warning C4996: 'strcat': This function or variable may be unsafe. Consider using strcat_s instead. To disable deprecation, use _CRT_SECURE_NO_WARNINGS. See online help for details.
  c:\program files (x86)\windows kits\10\include\10.0.10240.0\ucrt\string.h(90): note: see declaration of 'strcat'
x:\python\documents\github\p3d\p3d_bilhar\p3d_bilhar\glm.cpp(381): warning C4996: 'fopen': This function or variable may be unsafe. Consider using fopen_s instead. To disable deprecation, use _CRT_SECURE_NO_WARNINGS. See online help for details.
  c:\program files (x86)\windows kits\10\include\10.0.10240.0\ucrt\stdio.h(205): note: see declaration of 'fopen'
x:\python\documents\github\p3d\p3d_bilhar\p3d_bilhar\glm.cpp(435): warning C4996: 'fscanf': This function or variable may be unsafe. Consider using fscanf_s instead. To disable deprecation, use _CRT_SECURE_NO_WARNINGS. See online help for details.
  c:\program files (x86)\windows kits\10\include\10.0.10240.0\ucrt\stdio.h(1193): note: see declaration of 'fscanf'
x:\python\documents\github\p3d\p3d_bilhar\p3d_bilhar\glm.cpp(466): warning C4996: 'sscanf': This function or variable may be unsafe. Consider using sscanf_s instead. To disable deprecation, use _CRT_SECURE_NO_WARNINGS. See online help for details.
  c:\program files (x86)\windows kits\10\include\10.0.10240.0\ucrt\stdio.h(2254): note: see declaration of 'sscanf'
x:\python\documents\github\p3d\p3d_bilhar\p3d_bilhar\glm.cpp(467): warning C4996: 'strdup': The POSIX name for this item is deprecated. Instead, use the ISO C and C++ conformant name: _strdup. See online help for details.
  c:\program files (x86)\windows kits\10\include\10.0.10240.0\ucrt\string.h(552): note: see declaration of 'strdup'
x:\python\documents\github\p3d\p3d_bilhar\p3d_bilhar\glm.cpp(486): warning C4996: 'fscanf': This function or variable may be unsafe. Consider using fscanf_s instead. To disable deprecation, use _CRT_SECURE_NO_WARNINGS. See online help for details.
  c:\program files (x86)\windows kits\10\include\10.0.10240.0\ucrt\stdio.h(1193): note: see declaration of 'fscanf'
x:\python\documents\github\p3d\p3d_bilhar\p3d_bilhar\glm.cpp(490): warning C4996: 'sscanf': This function or variable may be unsafe. Consider using sscanf_s instead. To disable deprecation, use _CRT_SECURE_NO_WARNINGS. See online help for details.
  c:\program files (x86)\windows kits\10\include\10.0.10240.0\ucrt\stdio.h(2254): note: see declaration of 'sscanf'
x:\python\documents\github\p3d\p3d_bilhar\p3d_bilhar\glm.cpp(491): warning C4996: 'fscanf': This function or variable may be unsafe. Consider using fscanf_s instead. To disable deprecation, use _CRT_SECURE_NO_WARNINGS. See online help for details.
  c:\program files (x86)\windows kits\10\include\10.0.10240.0\ucrt\stdio.h(1193): note: see declaration of 'fscanf'
x:\python\documents\github\p3d\p3d_bilhar\p3d_bilhar\glm.cpp(492): warning C4996: 'fscanf': This function or variable may be unsafe. Consider using fscanf_s instead. To disable deprecation, use _CRT_SECURE_NO_WARNINGS. See online help for details.
  c:\program files (x86)\windows kits\10\include\10.0.10240.0\ucrt\stdio.h(1193): note: see declaration of 'fscanf'
x:\python\documents\github\p3d\p3d_bilhar\p3d_bilhar\glm.cpp(495): warning C4996: 'fscanf': This function or variable may be unsafe. Consider using fscanf_s instead. To disable deprecation, use _CRT_SECURE_NO_WARNINGS. See online help for details.
  c:\program files (x86)\windows kits\10\include\10.0.10240.0\ucrt\stdio.h(1193): note: see declaration of 'fscanf'
x:\python\documents\github\p3d\p3d_bilhar\p3d_bilhar\glm.cpp(499): warning C4996: 'sscanf': This function or variable may be unsafe. Consider using sscanf_s instead. To disable deprecation, use _CRT_SECURE_NO_WARNINGS. See online help for details.
  c:\program files (x86)\windows kits\10\include\10.0.10240.0\ucrt\stdio.h(2254): note: see declaration of 'sscanf'
x:\python\documents\github\p3d\p3d_bilhar\p3d_bilhar\glm.cpp(501): warning C4996: 'fscanf': This function or variable may be unsafe. Consider using fscanf_s instead. To disable deprecation, use _CRT_SECURE_NO_WARNINGS. See online help for details.
  c:\program files (x86)\windows kits\10\include\10.0.10240.0\ucrt\stdio.h(1193): note: see declaration of 'fscanf'
x:\python\documents\github\p3d\p3d_bilhar\p3d_bilhar\glm.cpp(502): warning C4996: 'fscanf': This function or variable may be unsafe. Consider using fscanf_s instead. To disable deprecation, use _CRT_SECURE_NO_WARNINGS. See online help for details.
  c:\program files (x86)\windows kits\10\include\10.0.10240.0\ucrt\stdio.h(1193): note: see declaration of 'fscanf'
x:\python\documents\github\p3d\p3d_bilhar\p3d_bilhar\glm.cpp(505): warning C4996: 'fscanf': This function or variable may be unsafe. Consider using fscanf_s instead. To disable deprecation, use _CRT_SECURE_NO_WARNINGS. See online help for details.
  c:\program files (x86)\windows kits\10\include\10.0.10240.0\ucrt\stdio.h(1193): note: see declaration of 'fscanf'
x:\python\documents\github\p3d\p3d_bilhar\p3d_bilhar\glm.cpp(509): warning C4996: 'sscanf': This function or variable may be unsafe. Consider using sscanf_s instead. To disable deprecation, use _CRT_SECURE_NO_WARNINGS. See online help for details.
  c:\program files (x86)\windows kits\10\include\10.0.10240.0\ucrt\stdio.h(2254): note: see declaration of 'sscanf'
x:\python\documents\github\p3d\p3d_bilhar\p3d_bilhar\glm.cpp(511): warning C4996: 'fscanf': This function or variable may be unsafe. Consider using fscanf_s instead. To disable deprecation, use _CRT_SECURE_NO_WARNINGS. See online help for details.
  c:\program files (x86)\windows kits\10\include\10.0.10240.0\ucrt\stdio.h(1193): note: see declaration of 'fscanf'
x:\python\documents\github\p3d\p3d_bilhar\p3d_bilhar\glm.cpp(512): warning C4996: 'fscanf': This function or variable may be unsafe. Consider using fscanf_s instead. To disable deprecation, use _CRT_SECURE_NO_WARNINGS. See online help for details.
  c:\program files (x86)\windows kits\10\include\10.0.10240.0\ucrt\stdio.h(1193): note: see declaration of 'fscanf'
x:\python\documents\github\p3d\p3d_bilhar\p3d_bilhar\glm.cpp(515): warning C4996: 'fscanf': This function or variable may be unsafe. Consider using fscanf_s instead. To disable deprecation, use _CRT_SECURE_NO_WARNINGS. See online help for details.
  c:\program files (x86)\windows kits\10\include\10.0.10240.0\ucrt\stdio.h(1193): note: see declaration of 'fscanf'
x:\python\documents\github\p3d\p3d_bilhar\p3d_bilhar\glm.cpp(521): warning C4996: 'fscanf': This function or variable may be unsafe. Consider using fscanf_s instead. To disable deprecation, use _CRT_SECURE_NO_WARNINGS. See online help for details.
  c:\program files (x86)\windows kits\10\include\10.0.10240.0\ucrt\stdio.h(1193): note: see declaration of 'fscanf'
x:\python\documents\github\p3d\p3d_bilhar\p3d_bilhar\glm.cpp(522): warning C4996: 'fscanf': This function or variable may be unsafe. Consider using fscanf_s instead. To disable deprecation, use _CRT_SECURE_NO_WARNINGS. See online help for details.
  c:\program files (x86)\windows kits\10\include\10.0.10240.0\ucrt\stdio.h(1193): note: see declaration of 'fscanf'
x:\python\documents\github\p3d\p3d_bilhar\p3d_bilhar\glm.cpp(525): warning C4996: 'fscanf': This function or variable may be unsafe. Consider using fscanf_s instead. To disable deprecation, use _CRT_SECURE_NO_WARNINGS. See online help for details.
  c:\program files (x86)\windows kits\10\include\10.0.10240.0\ucrt\stdio.h(1193): note: see declaration of 'fscanf'
x:\python\documents\github\p3d\p3d_bilhar\p3d_bilhar\glm.cpp(586): warning C4996: 'fscanf': This function or variable may be unsafe. Consider using fscanf_s instead. To disable deprecation, use _CRT_SECURE_NO_WARNINGS. See online help for details.
  c:\program files (x86)\windows kits\10\include\10.0.10240.0\ucrt\stdio.h(1193): note: see declaration of 'fscanf'
x:\python\documents\github\p3d\p3d_bilhar\p3d_bilhar\glm.cpp(595): warning C4996: 'fscanf': This function or variable may be unsafe. Consider using fscanf_s instead. To disable deprecation, use _CRT_SECURE_NO_WARNINGS. See online help for details.
  c:\program files (x86)\windows kits\10\include\10.0.10240.0\ucrt\stdio.h(1193): note: see declaration of 'fscanf'
x:\python\documents\github\p3d\p3d_bilhar\p3d_bilhar\glm.cpp(602): warning C4996: 'fscanf': This function or variable may be unsafe. Consider using fscanf_s instead. To disable deprecation, use _CRT_SECURE_NO_WARNINGS. See online help for details.
  c:\program files (x86)\windows kits\10\include\10.0.10240.0\ucrt\stdio.h(1193): note: see declaration of 'fscanf'
x:\python\documents\github\p3d\p3d_bilhar\p3d_bilhar\glm.cpp(609): warning C4996: 'fscanf': This function or variable may be unsafe. Consider using fscanf_s instead. To disable deprecation, use _CRT_SECURE_NO_WARNINGS. See online help for details.
  c:\program files (x86)\windows kits\10\include\10.0.10240.0\ucrt\stdio.h(1193): note: see declaration of 'fscanf'
x:\python\documents\github\p3d\p3d_bilhar\p3d_bilhar\glm.cpp(618): warning C4996: 'sscanf': This function or variable may be unsafe. Consider using sscanf_s instead. To disable deprecation, use _CRT_SECURE_NO_WARNINGS. See online help for details.
  c:\program files (x86)\windows kits\10\include\10.0.10240.0\ucrt\stdio.h(2254): note: see declaration of 'sscanf'
x:\python\documents\github\p3d\p3d_bilhar\p3d_bilhar\glm.cpp(634): warning C4996: 'fscanf': This function or variable may be unsafe. Consider using fscanf_s instead. To disable deprecation, use _CRT_SECURE_NO_WARNINGS. See online help for details.
  c:\program files (x86)\windows kits\10\include\10.0.10240.0\ucrt\stdio.h(1193): note: see declaration of 'fscanf'
x:\python\documents\github\p3d\p3d_bilhar\p3d_bilhar\glm.cpp(638): warning C4996: 'sscanf': This function or variable may be unsafe. Consider using sscanf_s instead. To disable deprecation, use _CRT_SECURE_NO_WARNINGS. See online help for details.
  c:\program files (x86)\windows kits\10\include\10.0.10240.0\ucrt\stdio.h(2254): note: see declaration of 'sscanf'
x:\python\documents\github\p3d\p3d_bilhar\p3d_bilhar\glm.cpp(641): warning C4996: 'fscanf': This function or variable may be unsafe. Consider using fscanf_s instead. To disable deprecation, use _CRT_SECURE_NO_WARNINGS. See online help for details.
  c:\program files (x86)\windows kits\10\include\10.0.10240.0\ucrt\stdio.h(1193): note: see declaration of 'fscanf'
x:\python\documents\github\p3d\p3d_bilhar\p3d_bilhar\glm.cpp(644): warning C4996: 'fscanf': This function or variable may be unsafe. Consider using fscanf_s instead. To disable deprecation, use _CRT_SECURE_NO_WARNINGS. See online help for details.
  c:\program files (x86)\windows kits\10\include\10.0.10240.0\ucrt\stdio.h(1193): note: see declaration of 'fscanf'
x:\python\documents\github\p3d\p3d_bilhar\p3d_bilhar\glm.cpp(649): warning C4996: 'fscanf': This function or variable may be unsafe. Consider using fscanf_s instead. To disable deprecation, use _CRT_SECURE_NO_WARNINGS. See online help for details.
  c:\program files (x86)\windows kits\10\include\10.0.10240.0\ucrt\stdio.h(1193): note: see declaration of 'fscanf'
x:\python\documents\github\p3d\p3d_bilhar\p3d_bilhar\glm.cpp(659): warning C4996: 'sscanf': This function or variable may be unsafe. Consider using sscanf_s instead. To disable deprecation, use _CRT_SECURE_NO_WARNINGS. See online help for details.
  c:\program files (x86)\windows kits\10\include\10.0.10240.0\ucrt\stdio.h(2254): note: see declaration of 'sscanf'
x:\python\documents\github\p3d\p3d_bilhar\p3d_bilhar\glm.cpp(664): warning C4996: 'fscanf': This function or variable may be unsafe. Consider using fscanf_s instead. To disable deprecation, use _CRT_SECURE_NO_WARNINGS. See online help for details.
  c:\program files (x86)\windows kits\10\include\10.0.10240.0\ucrt\stdio.h(1193): note: see declaration of 'fscanf'
x:\python\documents\github\p3d\p3d_bilhar\p3d_bilhar\glm.cpp(668): warning C4996: 'fscanf': This function or variable may be unsafe. Consider using fscanf_s instead. To disable deprecation, use _CRT_SECURE_NO_WARNINGS. See online help for details.
  c:\program files (x86)\windows kits\10\include\10.0.10240.0\ucrt\stdio.h(1193): note: see declaration of 'fscanf'
x:\python\documents\github\p3d\p3d_bilhar\p3d_bilhar\glm.cpp(674): warning C4996: 'fscanf': This function or variable may be unsafe. Consider using fscanf_s instead. To disable deprecation, use _CRT_SECURE_NO_WARNINGS. See online help for details.
  c:\program files (x86)\windows kits\10\include\10.0.10240.0\ucrt\stdio.h(1193): note: see declaration of 'fscanf'
x:\python\documents\github\p3d\p3d_bilhar\p3d_bilhar\glm.cpp(687): warning C4996: 'sscanf': This function or variable may be unsafe. Consider using sscanf_s instead. To disable deprecation, use _CRT_SECURE_NO_WARNINGS. See online help for details.
  c:\program files (x86)\windows kits\10\include\10.0.10240.0\ucrt\stdio.h(2254): note: see declaration of 'sscanf'
x:\python\documents\github\p3d\p3d_bilhar\p3d_bilhar\glm.cpp(691): warning C4996: 'fscanf': This function or variable may be unsafe. Consider using fscanf_s instead. To disable deprecation, use _CRT_SECURE_NO_WARNINGS. See online help for details.
  c:\program files (x86)\windows kits\10\include\10.0.10240.0\ucrt\stdio.h(1193): note: see declaration of 'fscanf'
x:\python\documents\github\p3d\p3d_bilhar\p3d_bilhar\glm.cpp(694): warning C4996: 'fscanf': This function or variable may be unsafe. Consider using fscanf_s instead. To disable deprecation, use _CRT_SECURE_NO_WARNINGS. See online help for details.
  c:\program files (x86)\windows kits\10\include\10.0.10240.0\ucrt\stdio.h(1193): note: see declaration of 'fscanf'
x:\python\documents\github\p3d\p3d_bilhar\p3d_bilhar\glm.cpp(699): warning C4996: 'fscanf': This function or variable may be unsafe. Consider using fscanf_s instead. To disable deprecation, use _CRT_SECURE_NO_WARNINGS. See online help for details.
  c:\program files (x86)\windows kits\10\include\10.0.10240.0\ucrt\stdio.h(1193): note: see declaration of 'fscanf'
x:\python\documents\github\p3d\p3d_bilhar\p3d_bilhar\glm.cpp(711): warning C4996: 'sscanf': This function or variable may be unsafe. Consider using sscanf_s instead. To disable deprecation, use _CRT_SECURE_NO_WARNINGS. See online help for details.
  c:\program files (x86)\windows kits\10\include\10.0.10240.0\ucrt\stdio.h(2254): note: see declaration of 'sscanf'
x:\python\documents\github\p3d\p3d_bilhar\p3d_bilhar\glm.cpp(713): warning C4996: 'fscanf': This function or variable may be unsafe. Consider using fscanf_s instead. To disable deprecation, use _CRT_SECURE_NO_WARNINGS. See online help for details.
  c:\program files (x86)\windows kits\10\include\10.0.10240.0\ucrt\stdio.h(1193): note: see declaration of 'fscanf'
x:\python\documents\github\p3d\p3d_bilhar\p3d_bilhar\glm.cpp(715): warning C4996: 'fscanf': This function or variable may be unsafe. Consider using fscanf_s instead. To disable deprecation, use _CRT_SECURE_NO_WARNINGS. See online help for details.
  c:\program files (x86)\windows kits\10\include\10.0.10240.0\ucrt\stdio.h(1193): note: see declaration of 'fscanf'
x:\python\documents\github\p3d\p3d_bilhar\p3d_bilhar\glm.cpp(719): warning C4996: 'fscanf': This function or variable may be unsafe. Consider using fscanf_s instead. To disable deprecation, use _CRT_SECURE_NO_WARNINGS. See online help for details.
  c:\program files (x86)\windows kits\10\include\10.0.10240.0\ucrt\stdio.h(1193): note: see declaration of 'fscanf'
x:\python\documents\github\p3d\p3d_bilhar\p3d_bilhar\glm.cpp(794): warning C4244: '=': conversion from 'double' to 'GLfloat', possible loss of data
x:\python\documents\github\p3d\p3d_bilhar\p3d_bilhar\glm.cpp(795): warning C4244: '=': conversion from 'double' to 'GLfloat', possible loss of data
x:\python\documents\github\p3d\p3d_bilhar\p3d_bilhar\glm.cpp(796): warning C4244: '=': conversion from 'double' to 'GLfloat', possible loss of data
x:\python\documents\github\p3d\p3d_bilhar\p3d_bilhar\glm.cpp(799): warning C4244: '=': conversion from 'double' to 'GLfloat', possible loss of data
x:\python\documents\github\p3d\p3d_bilhar\p3d_bilhar\glm.cpp(999): warning C4244: '=': conversion from 'double' to 'GLfloat', possible loss of data
x:\python\documents\github\p3d\p3d_bilhar\p3d_bilhar\glm.cpp(1156): warning C4244: '=': conversion from 'double' to 'GLfloat', possible loss of data
x:\python\documents\github\p3d\p3d_bilhar\p3d_bilhar\glm.cpp(1162): warning C4244: '=': conversion from 'double' to 'GLfloat', possible loss of data
x:\python\documents\github\p3d\p3d_bilhar\p3d_bilhar\glm.cpp(1163): warning C4244: '=': conversion from 'double' to 'GLfloat', possible loss of data
x:\python\documents\github\p3d\p3d_bilhar\p3d_bilhar\glm.cpp(1213): warning C4244: '=': conversion from 'double' to 'GLfloat', possible loss of data
x:\python\documents\github\p3d\p3d_bilhar\p3d_bilhar\glm.cpp(1214): warning C4244: '=': conversion from 'double' to 'GLfloat', possible loss of data
x:\python\documents\github\p3d\p3d_bilhar\p3d_bilhar\glm.cpp(1221): warning C4305: '=': truncation from 'double' to 'GLfloat'
x:\python\documents\github\p3d\p3d_bilhar\p3d_bilhar\glm.cpp(1223): warning C4244: '=': conversion from 'double' to 'GLfloat', possible loss of data
x:\python\documents\github\p3d\p3d_bilhar\p3d_bilhar\glm.cpp(1226): warning C4305: '=': truncation from 'double' to 'GLfloat'
x:\python\documents\github\p3d\p3d_bilhar\p3d_bilhar\glm.cpp(1228): warning C4244: '=': conversion from 'double' to 'GLfloat', possible loss of data
x:\python\documents\github\p3d\p3d_bilhar\p3d_bilhar\glm.cpp(1231): warning C4244: '=': conversion from 'double' to 'GLfloat', possible loss of data
x:\python\documents\github\p3d\p3d_bilhar\p3d_bilhar\glm.cpp(1232): warning C4244: '=': conversion from 'double' to 'GLfloat', possible loss of data
x:\python\documents\github\p3d\p3d_bilhar\p3d_bilhar\glm.cpp(1295): warning C4996: 'fopen': This function or variable may be unsafe. Consider using fopen_s instead. To disable deprecation, use _CRT_SECURE_NO_WARNINGS. See online help for details.
  c:\program files (x86)\windows kits\10\include\10.0.10240.0\ucrt\stdio.h(205): note: see declaration of 'fopen'
x:\python\documents\github\p3d\p3d_bilhar\p3d_bilhar\glm.cpp(1304): warning C4996: 'strdup': The POSIX name for this item is deprecated. Instead, use the ISO C and C++ conformant name: _strdup. See online help for details.
  c:\program files (x86)\windows kits\10\include\10.0.10240.0\ucrt\string.h(552): note: see declaration of 'strdup'
x:\python\documents\github\p3d\p3d_bilhar\p3d_bilhar\glm.cpp(1416): warning C4996: 'fopen': This function or variable may be unsafe. Consider using fopen_s instead. To disable deprecation, use _CRT_SECURE_NO_WARNINGS. See online help for details.
  c:\program files (x86)\windows kits\10\include\10.0.10240.0\ucrt\stdio.h(205): note: see declaration of 'fopen'
x:\python\documents\github\p3d\p3d_bilhar\p3d_bilhar\glm.cpp(1778): warning C4996: 'fopen': This function or variable may be unsafe. Consider using fopen_s instead. To disable deprecation, use _CRT_SECURE_NO_WARNINGS. See online help for details.
  c:\program files (x86)\windows kits\10\include\10.0.10240.0\ucrt\stdio.h(205): note: see declaration of 'fopen'
x:\python\documents\github\p3d\p3d_bilhar\p3d_bilhar\glm.cpp(1799): warning C4996: 'sscanf': This function or variable may be unsafe. Consider using sscanf_s instead. To disable deprecation, use _CRT_SECURE_NO_WARNINGS. See online help for details.
  c:\program files (x86)\windows kits\10\include\10.0.10240.0\ucrt\stdio.h(2254): note: see declaration of 'sscanf'
x:\python\documents\github\p3d\p3d_bilhar\p3d_bilhar\glm.cpp(1801): warning C4996: 'sscanf': This function or variable may be unsafe. Consider using sscanf_s instead. To disable deprecation, use _CRT_SECURE_NO_WARNINGS. See online help for details.
  c:\program files (x86)\windows kits\10\include\10.0.10240.0\ucrt\stdio.h(2254): note: see declaration of 'sscanf'
x:\python\documents\github\p3d\p3d_bilhar\p3d_bilhar\glm.cpp(1803): warning C4996: 'sscanf': This function or variable may be unsafe. Consider using sscanf_s instead. To disable deprecation, use _CRT_SECURE_NO_WARNINGS. See online help for details.
  c:\program files (x86)\windows kits\10\include\10.0.10240.0\ucrt\stdio.h(2254): note: see declaration of 'sscanf'
  Game.cpp
  Camera.cpp
  Ball.cpp
  Generating Code...
